<?xml version="1.0" encoding="UTF-8"?>
<!-- Generated by org.testng.reporters.JUnitXMLReporter -->
<testsuite ignored="0" hostname="wangsiweideMacBook-Pro.local" failures="1" tests="3" name="Surefire test" time="0.465" errors="0" timestamp="2021-08-05T14:33:15 CEST">
  <testcase classname="com.leyou.auth.test.JwtTest" name="testParseToken on testParseToken(com.leyou.auth.test.JwtTest)" time="0.219">
    <failure type="io.jsonwebtoken.SignatureException" message="JWT signature does not match locally computed signature. JWT validity cannot be asserted and should not be trusted.">
      <![CDATA[io.jsonwebtoken.SignatureException: JWT signature does not match locally computed signature. JWT validity cannot be asserted and should not be trusted.
at io.jsonwebtoken.impl.DefaultJwtParser.parse(DefaultJwtParser.java:354)
at io.jsonwebtoken.impl.DefaultJwtParser.parse(DefaultJwtParser.java:481)
at io.jsonwebtoken.impl.DefaultJwtParser.parseClaimsJws(DefaultJwtParser.java:541)
at com.leyou.auth.utils.JwtUtils.parserToken(JwtUtils.java:59)
at com.leyou.auth.utils.JwtUtils.getInfoFromToken(JwtUtils.java:84)
at com.leyou.auth.test.JwtTest.testParseToken(JwtTest.java:45)
at org.junit.runners.model.FrameworkMethod$1.runReflectiveCall(FrameworkMethod.java:50)
at org.junit.internal.runners.model.ReflectiveCallable.run(ReflectiveCallable.java:12)
at org.junit.runners.model.FrameworkMethod.invokeExplosively(FrameworkMethod.java:47)
at org.junit.internal.runners.statements.InvokeMethod.evaluate(InvokeMethod.java:17)
at org.junit.internal.runners.statements.RunBefores.evaluate(RunBefores.java:26)
at org.junit.runners.ParentRunner.runLeaf(ParentRunner.java:325)
at org.junit.runners.BlockJUnit4ClassRunner.runChild(BlockJUnit4ClassRunner.java:78)
at org.junit.runners.BlockJUnit4ClassRunner.runChild(BlockJUnit4ClassRunner.java:57)
at org.junit.runners.ParentRunner$3.run(ParentRunner.java:290)
at org.junit.runners.ParentRunner$1.schedule(ParentRunner.java:71)
at org.junit.runners.ParentRunner.runChildren(ParentRunner.java:288)
at org.junit.runners.ParentRunner.access$000(ParentRunner.java:58)
at org.junit.runners.ParentRunner$2.evaluate(ParentRunner.java:268)
at org.junit.runners.ParentRunner.run(ParentRunner.java:363)
at org.junit.runner.JUnitCore.run(JUnitCore.java:137)
at org.junit.runner.JUnitCore.run(JUnitCore.java:115)
at java.base/java.util.ArrayList.forEach(ArrayList.java:1541)
... Removed 28 stack frames]]>
    </failure>
  </testcase> <!-- testParseToken on testParseToken(com.leyou.auth.test.JwtTest) -->
  <testcase classname="com.leyou.auth.test.JwtTest" name="testRsa on testRsa(com.leyou.auth.test.JwtTest)" time="0.363"/>
  <testcase classname="com.leyou.auth.test.JwtTest" name="testGenerateToken on testGenerateToken(com.leyou.auth.test.JwtTest)" time="0.423"/>
</testsuite> <!-- Surefire test -->
